C51 COMPILER V9.60.7.0   APP_MAIN                                                          01/29/2026 21:31:55 PAGE 1   


C51 COMPILER V9.60.7.0, COMPILATION OF MODULE APP_MAIN
OBJECT MODULE PLACED IN .\Objects\app_main.obj
COMPILER INVOKED BY: C:\Program Files (x86)\keil\C51\BIN\C51.EXE app_main.c OPTIMIZE(8,SPEED) BROWSE DEBUG OBJECTEXTEND 
                    -PRINT(.\Listings\app_main.lst) TABS(2) OBJECT(.\Objects\app_main.obj)

line level    source

   1          //app_main.c
   2          #include "app_main.h"
   3          #include "app_main.h"
   4          
   5          static uint16 last_10ms   = 0;
   6          static uint16 last_100ms  = 0;
   7          static uint16 last_1000ms = 0;
   8          
   9          
  10          //任务
  11          void app_task_1_10ms()
  12          {
  13   1         
  14   1      }
  15          
  16          void app_task_2_100ms()
  17          {
  18   1         
  19   1      }
  20          
  21          void app_task_3_1000ms()
  22          {
  23   1          
  24   1      }
  25          
  26          
  27          //调度器
  28          void app_main_run()
  29          {
  30   1          uint16 now = sys_tick_ms;
  31   1      
  32   1          if ((uint16)(now - last_10ms) >= 10){last_10ms = now;app_task_1_10ms();}
  33   1          if ((uint16)(now - last_100ms) >= 100){last_100ms = now;app_task_2_100ms();}
  34   1          if ((uint16)(now - last_1000ms) >= 1000){last_1000ms = now;app_task_3_1000ms();}
  35   1      }


MODULE INFORMATION:   STATIC OVERLAYABLE
   CODE SIZE        =     83    ----
   CONSTANT SIZE    =   ----    ----
   XDATA SIZE       =   ----    ----
   PDATA SIZE       =   ----    ----
   DATA SIZE        =      6    ----
   IDATA SIZE       =   ----    ----
   BIT SIZE         =   ----    ----
END OF MODULE INFORMATION.


C51 COMPILATION COMPLETE.  0 WARNING(S),  0 ERROR(S)
