C51 COMPILER V9.60.7.0   APP_TASK_1                                                        02/03/2026 16:52:08 PAGE 1   


C51 COMPILER V9.60.7.0, COMPILATION OF MODULE APP_TASK_1
OBJECT MODULE PLACED IN .\Objects\app_task_1.obj
COMPILER INVOKED BY: C:\Program Files (x86)\keil\C51\BIN\C51.EXE app_task_1.c OPTIMIZE(8,SPEED) BROWSE DEBUG OBJECTEXTEN
                    -D PRINT(.\Listings\app_task_1.lst) TABS(2) OBJECT(.\Objects\app_task_1.obj)

line level    source

   1          //app_task_1.c
   2          #include "app_task_1.h"
   3          
   4          void app_task_1_run()
   5          {
   6   1        drv_seg_set_all(0,1,2,3,4,5,6,7);
   7   1      }


MODULE INFORMATION:   STATIC OVERLAYABLE
   CODE SIZE        =     43    ----
   CONSTANT SIZE    =   ----    ----
   XDATA SIZE       =   ----    ----
   PDATA SIZE       =   ----    ----
   DATA SIZE        =   ----    ----
   IDATA SIZE       =   ----    ----
   BIT SIZE         =   ----    ----
END OF MODULE INFORMATION.


C51 COMPILATION COMPLETE.  0 WARNING(S),  0 ERROR(S)
