C51 COMPILER V9.60.7.0   SYS_DECODER                                                       01/29/2026 17:17:40 PAGE 1   


C51 COMPILER V9.60.7.0, COMPILATION OF MODULE SYS_DECODER
OBJECT MODULE PLACED IN .\Objects\sys_decoder.obj
COMPILER INVOKED BY: C:\Program Files (x86)\keil\C51\BIN\C51.EXE sys_decoder.c OPTIMIZE(8,SPEED) BROWSE DEBUG OBJECTEXTE
                    -ND PRINT(.\Listings\sys_decoder.lst) TABS(2) OBJECT(.\Objects\sys_decoder.obj)

line level    source

   1          #include "sys_decoder.h"
   2          
   3          void sys_decoder_init()
   4          {
   5   1        P2 = P2 & 0x1F;
*** ERROR C202 IN LINE 5 OF sys_decoder.c: 'P2': undefined identifier
   6   1      }
   7          
   8          void sys_decoder_set(uint8 pin)
*** ERROR C141 IN LINE 8 OF sys_decoder.c: syntax error near 'pin', expected ')'
   9          {
  10   1        //pin &= 0x07;// ÈôêÂà∂ pin ËåÉÂõ¥ 0ÔΩû7     
  11   1        P2 = (P2 & 0x1F) | ((pin << 5) & 0xE0);// ËØªÂèñÂΩìÂâç P2 ÂÄºÔºå‰øùÁïô‰Ωé5‰ΩçÔºàP2.0ÔΩûP2.4ÔºâÔºåÊõøÊç¢È´
             -ò3‰ΩçÔºàP2.5ÔΩûP2.7Ôºâ
*** ERROR C202 IN LINE 11 OF sys_decoder.c: 'P2': undefined identifier
  12   1      }

C51 COMPILATION COMPLETE.  0 WARNING(S),  3 ERROR(S)
