C51 COMPILER V9.60.7.0   RELAY                                                             01/23/2026 21:18:42 PAGE 1   


C51 COMPILER V9.60.7.0, COMPILATION OF MODULE RELAY
OBJECT MODULE PLACED IN .\Objects\relay.obj
COMPILER INVOKED BY: C:\Program Files (x86)\keil\C51\BIN\C51.EXE relay.c OPTIMIZE(8,SPEED) BROWSE DEBUG OBJECTEXTEND PRI
                    -NT(.\Listings\relay.lst) TABS(2) OBJECT(.\Objects\relay.obj)

line level    source

   1          #include "relay.h"
   2          
   3          void relay_init()
   4          {
   5   1        decoder_set(5);
   6   1        P04 = 0;
   7   1        decoder_set(0);
   8   1      }
   9          void relay_set(bit relay_sw)
  10          {
  11   1        if(relay_sw == 1)
  12   1        {
  13   2          decoder_set(5);
  14   2          P0 = P0 | (1 << 4);            //xxx1 xxxx
  15   2          decoder_set(0);
  16   2        }else
  17   1        {
  18   2          decoder_set(5);
  19   2          P0 = P0 & ~(1 << 4);            //xxx0 xxxx
  20   2          decoder_set(0); 
  21   2        }
  22   1      }


MODULE INFORMATION:   STATIC OVERLAYABLE
   CODE SIZE        =     37    ----
   CONSTANT SIZE    =   ----    ----
   XDATA SIZE       =   ----    ----
   PDATA SIZE       =   ----    ----
   DATA SIZE        =   ----    ----
   IDATA SIZE       =   ----    ----
   BIT SIZE         =   ----       1
END OF MODULE INFORMATION.


C51 COMPILATION COMPLETE.  0 WARNING(S),  0 ERROR(S)
