C51 COMPILER V9.60.7.0   DECODER                                                           01/23/2026 22:03:14 PAGE 1   


C51 COMPILER V9.60.7.0, COMPILATION OF MODULE DECODER
OBJECT MODULE PLACED IN .\Objects\decoder.obj
COMPILER INVOKED BY: C:\Program Files (x86)\keil\C51\BIN\C51.EXE decoder.c OPTIMIZE(8,SPEED) BROWSE DEBUG OBJECTEXTEND P
                    -RINT(.\Listings\decoder.lst) TABS(2) OBJECT(.\Objects\decoder.obj)

line level    source

   1          //decoder.h
   2          #include "decoder.h"
   3          
   4          void decoder_init()
   5          {
   6   1        P2 = P2 & 0x1F;
   7   1      }
   8          
   9          void decoder_set(uint8 pin)
  10          {
  11   1          pin &= 0x07;// ÈôêÂà∂ pin ËåÉÂõ¥ 0ÔΩû7   
  12   1          P2 = (P2 & 0x1F) | ((pin << 5) & 0xE0);// ËØªÂèñÂΩìÂâç P2 ÂÄºÔºå‰øùÁïô‰Ωé5‰ΩçÔºàP2.0ÔΩûP2.4ÔºâÔºåÊõøÊç
             -¢È´ò3‰ΩçÔºàP2.5ÔΩûP2.7Ôºâ
  13   1      }


MODULE INFORMATION:   STATIC OVERLAYABLE
   CODE SIZE        =     21    ----
   CONSTANT SIZE    =   ----    ----
   XDATA SIZE       =   ----    ----
   PDATA SIZE       =   ----    ----
   DATA SIZE        =   ----    ----
   IDATA SIZE       =   ----    ----
   BIT SIZE         =   ----    ----
END OF MODULE INFORMATION.


C51 COMPILATION COMPLETE.  0 WARNING(S),  0 ERROR(S)
