C51 COMPILER V9.60.7.0   APP_MAIN                                                          01/30/2026 00:23:36 PAGE 1   


C51 COMPILER V9.60.7.0, COMPILATION OF MODULE APP_MAIN
OBJECT MODULE PLACED IN .\Objects\app_main.obj
COMPILER INVOKED BY: C:\Program Files (x86)\keil\C51\BIN\C51.EXE app_main.c OPTIMIZE(8,SPEED) BROWSE DEBUG OBJECTEXTEND 
                    -PRINT(.\Listings\app_main.lst) TABS(2) OBJECT(.\Objects\app_main.obj)

line level    source

   1          //app_main.c
   2          #include "app_main.h"
   3          
   4          #include "app_task1.h"
   5          
   6          static uint16 last_10ms   = 0;
   7          static uint16 last_100ms  = 0;
   8          static uint16 last_1000ms = 0;
   9          
  10          
  11          //任务
  12          void app_task_1_10ms()
  13          {
  14   1         
  15   1      }
  16          
  17          void app_task_2_100ms()
  18          {
  19   1        app_task1_run();
  20   1      }
  21          
  22          void app_task_3_1000ms()
  23          {
  24   1          
  25   1      }
  26          
  27          
  28          //调度器
  29          void app_main_run()
  30          {
  31   1          uint16 now = sys_tick_ms;
  32   1      
  33   1          if ((uint16)(now - last_10ms) >= 10){last_10ms = now;app_task_1_10ms();}
  34   1          if ((uint16)(now - last_100ms) >= 100){last_100ms = now;app_task_2_100ms();}
  35   1          if ((uint16)(now - last_1000ms) >= 1000){last_1000ms = now;app_task_3_1000ms();}
  36   1      }


MODULE INFORMATION:   STATIC OVERLAYABLE
   CODE SIZE        =     99    ----
   CONSTANT SIZE    =   ----    ----
   XDATA SIZE       =   ----    ----
   PDATA SIZE       =   ----    ----
   DATA SIZE        =      6       2
   IDATA SIZE       =   ----    ----
   BIT SIZE         =   ----    ----
END OF MODULE INFORMATION.


C51 COMPILATION COMPLETE.  0 WARNING(S),  0 ERROR(S)
