C51 COMPILER V9.60.7.0   Y5DRIVER                                                          01/23/2026 22:03:15 PAGE 1   


C51 COMPILER V9.60.7.0, COMPILATION OF MODULE Y5DRIVER
OBJECT MODULE PLACED IN .\Objects\y5driver.obj
COMPILER INVOKED BY: C:\Program Files (x86)\keil\C51\BIN\C51.EXE y5driver.c OPTIMIZE(8,SPEED) BROWSE DEBUG OBJECTEXTEND 
                    -PRINT(.\Listings\y5driver.lst) TABS(2) OBJECT(.\Objects\y5driver.obj)

line level    source

   1          //y5driver.c
   2          #include "y5driver.h"
   3          
   4          // y5driver_ram[0]: 继电器 (P0.4)
   5          // y5driver_ram[1]: 蜂鸣器 (P0.6)
   6          uint8 y5driver_ram[2] = {0, 0};
   7          
   8          void y5driver_init()
   9          {
  10   1        decoder_set(5);
  11   1        P0 = 0xaf;
  12   1        decoder_set(0);
  13   1      }
  14          
  15          
  16          void relay_set(uint8 sw)
  17          {
  18   1          y5driver_ram[0] = (sw != 0) ? 1 : 0;
  19   1      }
  20          
  21          void buzz_set(uint8 sw)
  22          {
  23   1          y5driver_ram[1] = (sw != 0) ? 1 : 0;
  24   1      }
  25          
  26          void y5driver_run(void)
  27          {
  28   1          static uint8 y5driver_last = 0;
  29   1          uint8 new_val = 0;
  30   1      
  31   1          if (y5driver_ram[0]) new_val |= (1 << 4);  // P0.4 = 继电器
  32   1          if (y5driver_ram[1]) new_val |= (1 << 6);  // P0.6 = 蜂鸣器
  33   1      
  34   1          if (y5driver_last != new_val)
  35   1          {
  36   2              decoder_set(5);
  37   2              P0 = new_val;
  38   2              decoder_set(0);
  39   2              y5driver_last = new_val;
  40   2          }
  41   1      }


MODULE INFORMATION:   STATIC OVERLAYABLE
   CODE SIZE        =     77    ----
   CONSTANT SIZE    =   ----    ----
   XDATA SIZE       =   ----    ----
   PDATA SIZE       =   ----    ----
   DATA SIZE        =      3       1
   IDATA SIZE       =   ----    ----
   BIT SIZE         =   ----    ----
END OF MODULE INFORMATION.


C51 COMPILATION COMPLETE.  0 WARNING(S),  0 ERROR(S)
