C51 COMPILER V9.60.7.0   DECODER                                                           01/20/2026 17:00:16 PAGE 1   


C51 COMPILER V9.60.7.0, COMPILATION OF MODULE DECODER
OBJECT MODULE PLACED IN .\Objects\decoder.obj
COMPILER INVOKED BY: C:\Program Files (x86)\keil\C51\BIN\C51.EXE decoder.c OPTIMIZE(8,SPEED) BROWSE DEBUG OBJECTEXTEND P
                    -RINT(.\Listings\decoder.lst) TABS(2) OBJECT(.\Objects\decoder.obj)

line level    source

   1          //decoder.h
   2          #include "decoder.h"
   3          
   4          void decoder_init()
   5          {
   6   1        P2 = (P2 & 0x1F) | ((0x00 << 5) & 0xE0);
   7   1      }
   8          
   9          void decoder_set(uint8 pin)
  10          {
  11   1          pin &= 0x07;// é™åˆ¶ pin èŒƒå›´ 0ï½ž7   
  12   1          P2 = (P2 & 0x1F) | ((pin << 5) & 0xE0);// è¯»å–å½“å‰ P2 å€¼ï¼Œä¿ç•™ä½Ž5ä½ï¼ˆP2.0ï½žP2.4ï¼‰ï¼Œæ›¿æ
             -¢é«˜3ä½ï¼ˆP2.5ï½žP2.7ï¼‰
  13   1      }


MODULE INFORMATION:   STATIC OVERLAYABLE
   CODE SIZE        =     21    ----
   CONSTANT SIZE    =   ----    ----
   XDATA SIZE       =   ----    ----
   PDATA SIZE       =   ----    ----
   DATA SIZE        =   ----    ----
   IDATA SIZE       =   ----    ----
   BIT SIZE         =   ----    ----
END OF MODULE INFORMATION.


C51 COMPILATION COMPLETE.  0 WARNING(S),  0 ERROR(S)
