C51 COMPILER V9.60.7.0   MAIN                                                              01/20/2026 21:19:07 PAGE 1   


C51 COMPILER V9.60.7.0, COMPILATION OF MODULE MAIN
OBJECT MODULE PLACED IN .\Objects\main.obj
COMPILER INVOKED BY: C:\Program Files (x86)\keil\C51\BIN\C51.EXE main.c OPTIMIZE(8,SPEED) BROWSE DEBUG OBJECTEXTEND PRIN
                    -T(.\Listings\main.lst) TABS(2) OBJECT(.\Objects\main.obj)

line level    source

   1          //main.c
   2          #include "main.h"
   3          
   4          void sys_timer_1ms() interrupt 3
   5          {
   6   1        static uint8 sys_tick = 0;
   7   1        
   8   1        if(sys_tick % 3 == 0)
   9   1        {
  10   2          led_run();
  11   2        }
  12   1        if(sys_tick % 2 == 0)
  13   1        {
  14   2          seg_run();
  15   2        }
  16   1        if(sys_tick % 10  == 0)
  17   1        {
  18   2          key_run();
  19   2        }
  20   1        
  21   1        sys_tick++;
  22   1        if(sys_tick >= 200){sys_tick = 0;}
  23   1      }
  24          
  25          
  26          
  27          void main()
  28          {
  29   1        static uint16 page = 1;
  30   1        
  31   1        sys_init();
  32   1        
  33   1        seg_set(0, 5);seg_set(1, 26);seg_set(2, 12);seg_set(3, 16);seg_set(4, 2);seg_set(5, 12);seg_set(6,25);seg
             -_set(7, 25);
  34   1        led_set(0,1);sys_sleep_100ms();
  35   1        led_set(1,1);sys_sleep_100ms();
  36   1        led_set(2,1);sys_sleep_100ms();
  37   1        led_set(3,1);sys_sleep_100ms();
  38   1        led_set(4,1);sys_sleep_100ms();
  39   1        led_set(5,1);sys_sleep_100ms();
  40   1        led_set(6,1);sys_sleep_100ms();
  41   1        led_set(7,1);sys_sleep_100ms();
  42   1        seg_set0();
  43   1        seg_set(0, 25);seg_set(1, 14);seg_set(2, 29);seg_set(3, 16);seg_set(4, 16);seg_set(5, 1+32);seg_set(6,0);
             -seg_set(7, 1);
  44   1        sys_sleep_1s();seg_set0();led_set0();
  45   1        
  46   1        while(1)
  47   1        { 
  48   2          uint8 temp;
  49   2          while(1)
  50   2          {
  51   3            temp = key_get();
  52   3            seg_set(0,page/10);seg_set(1,page%10+32);
C51 COMPILER V9.60.7.0   MAIN                                                              01/20/2026 21:19:07 PAGE 2   

  53   3            switch(page)
  54   3            {
  55   4              case 1:{seg_set(2, 16);seg_set(3, 16);seg_set(4, 16);seg_set(5, 21);seg_set(6,14);seg_set(7, 13);}brea
             -k;
  56   4              case 2:{seg_set(2, 16);seg_set(3, 16);seg_set(4, 16);seg_set(5, 5);seg_set(6,14);seg_set(7, 27);}break
             -;
  57   4              case 3:{seg_set(2, 16);seg_set(3, 16);seg_set(4, 16);seg_set(5, 20);seg_set(6,14);seg_set(7, 31);}brea
             -k;
  58   4              default:{seg_set(2, 16);seg_set(3, 16);seg_set(4, 22);seg_set(5, 23);seg_set(6,22);seg_set(7, 14);}     
  59   4            }
  60   3          
  61   3            if (temp == 6 ){page += 1;if(page == 100){page = 1;}}   
  62   3            if (temp == 7 ){page -= 1;if(page == 0){page = 99;}}
  63   3            if (temp == 5)
  64   3            {
  65   4              
  66   4              switch(page)
  67   4              {
  68   5                case 1:{appled_main();}break; 
  69   5              }       
  70   4            }   
  71   3          }
  72   2      
  73   2        }
  74   1      }


MODULE INFORMATION:   STATIC OVERLAYABLE
   CODE SIZE        =    609    ----
   CONSTANT SIZE    =   ----    ----
   XDATA SIZE       =   ----    ----
   PDATA SIZE       =   ----    ----
   DATA SIZE        =      3       1
   IDATA SIZE       =   ----    ----
   BIT SIZE         =   ----    ----
END OF MODULE INFORMATION.


C51 COMPILATION COMPLETE.  0 WARNING(S),  0 ERROR(S)
