C51 COMPILER V9.60.7.0   SYS                                                               01/20/2026 00:06:21 PAGE 1   


C51 COMPILER V9.60.7.0, COMPILATION OF MODULE SYS
OBJECT MODULE PLACED IN .\Objects\sys.obj
COMPILER INVOKED BY: C:\Program Files (x86)\keil\C51\BIN\C51.EXE sys.c OPTIMIZE(8,SPEED) BROWSE DEBUG OBJECTEXTEND PRINT
                    -(.\Listings\sys.lst) TABS(2) OBJECT(.\Objects\sys.obj)

line level    source

   1          //sys.c
   2          #include "sys.h"
   3          
   4          void sys_init()
   5          {
   6   1        decoder_init();
   7   1        led_init();
   8   1        seg_init();
   9   1        
  10   1      
  11   1      }
  12          
  13          void sys_sleep_1s()//12mhz
  14          {
  15   1        unsigned char data i, j, k;
  16   1      
  17   1        _nop_();
  18   1        _nop_();
  19   1        i = 46;
  20   1        j = 153;
  21   1        k = 245;
  22   1        do
  23   1        {
  24   2          do
  25   2          {
  26   3            while (--k);
  27   3          } while (--j);
  28   2        } while (--i);
  29   1      }


MODULE INFORMATION:   STATIC OVERLAYABLE
   CODE SIZE        =     24    ----
   CONSTANT SIZE    =   ----    ----
   XDATA SIZE       =   ----    ----
   PDATA SIZE       =   ----    ----
   DATA SIZE        =   ----    ----
   IDATA SIZE       =   ----    ----
   BIT SIZE         =   ----    ----
END OF MODULE INFORMATION.


C51 COMPILATION COMPLETE.  0 WARNING(S),  0 ERROR(S)
